Wed Oct  2 14:16:31 2024  [TRACE]: Start Initializing a b c A
Wed Oct  2 14:16:31 2024  [TRACE]: Processing coefs
Wed Oct  2 14:16:31 2024  [TRACE]: Calculating c
Wed Oct  2 14:16:31 2024  [TRACE]: Initializing fft
Wed Oct  2 14:16:31 2024  [TRACE]: Start iFFT A
Wed Oct  2 14:16:32 2024  [TRACE]: a After ifft:
Wed Oct  2 14:16:32 2024  [TRACE]: Start Shift A
Wed Oct  2 14:16:32 2024  [TRACE]: a After shift:
Wed Oct  2 14:16:32 2024  [TRACE]: Start FFT A
Wed Oct  2 14:16:32 2024  [TRACE]: a After fft:
Wed Oct  2 14:16:32 2024  [TRACE]: Start iFFT B
Wed Oct  2 14:16:33 2024  [TRACE]: b After ifft:
Wed Oct  2 14:16:33 2024  [TRACE]: Start Shift B
Wed Oct  2 14:16:33 2024  [TRACE]: b After shift:
Wed Oct  2 14:16:33 2024  [TRACE]: Start FFT B
Wed Oct  2 14:16:33 2024  [TRACE]: b After fft:
Wed Oct  2 14:16:33 2024  [TRACE]: Start iFFT C
Wed Oct  2 14:16:33 2024  [TRACE]: c After ifft:
Wed Oct  2 14:16:33 2024  [TRACE]: Start Shift C
Wed Oct  2 14:16:33 2024  [TRACE]: c After shift:
Wed Oct  2 14:16:33 2024  [TRACE]: Start FFT C
Wed Oct  2 14:16:34 2024  [TRACE]: c After fft:
Wed Oct  2 14:16:34 2024  [TRACE]: Start ABC
Wed Oct  2 14:16:34 2024  [TRACE]: abc:
Wed Oct  2 14:16:34 2024  [TRACE]: Start Multiexp H
Wed Oct  2 14:16:36 2024  [TRACE]: Start Multiexp A
Wed Oct  2 14:16:37 2024  [TRACE]: Start Multiexp B1
Wed Oct  2 14:16:38 2024  [TRACE]: Start Multiexp B2
Wed Oct  2 14:16:40 2024  [TRACE]: Start Multiexp C
